<?xml version="1.0" encoding="UTF-8"?>
<!-- Generated by org.testng.reporters.JUnitReportReporter -->
<testsuite hostname="Harry" failures="0" tests="3" name="com.Ecommerce.InstaSnap.ProductTest.VerifyKidsProduct" time="0.007" errors="0" timestamp="2024-11-07T16:20:36 IST" skipped="0">
  <testcase classname="com.Ecommerce.InstaSnap.ProductTest.VerifyKidsProduct" name="createProduct" time="0.002"/>
  <system-out>
    <![CDATA[Kids Product Created]]>
  </system-out>
  <testcase classname="com.Ecommerce.InstaSnap.ProductTest.VerifyKidsProduct" name="updateProduct" time="0.002"/>
  <system-out>
    <![CDATA[Kids Product Updated]]>
  </system-out>
  <testcase classname="com.Ecommerce.InstaSnap.ProductTest.VerifyKidsProduct" name="updateProduct" time="0.003"/>
  <system-out>
    <![CDATA[Kids Product Updated]]>
  </system-out>
</testsuite> <!-- com.Ecommerce.InstaSnap.ProductTest.VerifyKidsProduct -->
