<?xml version="1.0" encoding="UTF-8"?>
<!-- Generated by org.testng.reporters.JUnitReportReporter -->
<testsuite hostname="Harry" failures="0" tests="1" name="Demo.DemoTest" time="4.169" errors="0" timestamp="2024-11-05T16:54:43 IST" skipped="0">
  <testcase classname="Demo.DemoTest" name="verify" time="4.169"/>
  <system-out/>
</testsuite> <!-- Demo.DemoTest -->
